Started GET "/" for 127.0.0.1 at 2018-04-03 19:14:15 -0400
Processing by Rails::WelcomeController#index as HTML
  Rendering /Users/khalidhosein/.rbenv/versions/2.5.0/lib/ruby/gems/2.5.0/gems/railties-5.1.6/lib/rails/templates/rails/welcome/index.html.erb
  Rendered /Users/khalidhosein/.rbenv/versions/2.5.0/lib/ruby/gems/2.5.0/gems/railties-5.1.6/lib/rails/templates/rails/welcome/index.html.erb (2.9ms)
Completed 200 OK in 191ms (Views: 16.1ms)


Started GET "/photos" for 127.0.0.1 at 2018-04-03 19:14:22 -0400
Processing by PhotosController#index as HTML
  Rendering photos/index.html.erb within layouts/application
  Rendered photos/index.html.erb within layouts/application (0.9ms)
Completed 200 OK in 467ms (Views: 464.0ms)


Started GET "/photos" for 127.0.0.1 at 2018-04-03 19:14:35 -0400
Processing by PhotosController#index as HTML
  Rendering photos/index.html.erb within layouts/application
  Rendered photos/index.html.erb within layouts/application (0.4ms)
Completed 200 OK in 20ms (Views: 16.9ms)


Started GET "/photos" for 127.0.0.1 at 2018-04-03 19:14:41 -0400
Processing by PhotosController#index as HTML
  Rendering photos/index.html.erb within layouts/application
  Rendered photos/index.html.erb within layouts/application (0.4ms)
Completed 200 OK in 26ms (Views: 23.7ms)


  [1m[35m (12.8ms)[0m  [1m[35mCREATE TABLE "schema_migrations" ("version" character varying NOT NULL PRIMARY KEY)[0m
  [1m[35m (21.8ms)[0m  [1m[35mCREATE TABLE "ar_internal_metadata" ("key" character varying NOT NULL PRIMARY KEY, "value" character varying, "created_at" timestamp NOT NULL, "updated_at" timestamp NOT NULL)[0m
  [1m[35m (0.3ms)[0m  [1m[34mSELECT pg_try_advisory_lock(5522226800159071905)[0m
  [1m[35m (0.4ms)[0m  [1m[34mSELECT "schema_migrations"."version" FROM "schema_migrations" ORDER BY "schema_migrations"."version" ASC[0m
Migrating to CreatePhotos (20180403231725)
  [1m[35m (0.2ms)[0m  [1m[35mBEGIN[0m
  [1m[35m (26.5ms)[0m  [1m[35mCREATE TABLE "photos" ("id" bigserial primary key, "location" character varying, "description" character varying, "created_at" timestamp NOT NULL, "updated_at" timestamp NOT NULL)[0m
  [1m[35mSQL (0.8ms)[0m  [1m[32mINSERT INTO "schema_migrations" ("version") VALUES ($1) RETURNING "version"[0m  [["version", "20180403231725"]]
  [1m[35m (0.6ms)[0m  [1m[35mCOMMIT[0m
  [1m[36mActiveRecord::InternalMetadata Load (0.4ms)[0m  [1m[34mSELECT  "ar_internal_metadata".* FROM "ar_internal_metadata" WHERE "ar_internal_metadata"."key" = $1 LIMIT $2[0m  [["key", "environment"], ["LIMIT", 1]]
  [1m[35m (0.2ms)[0m  [1m[35mBEGIN[0m
  [1m[35mSQL (0.4ms)[0m  [1m[32mINSERT INTO "ar_internal_metadata" ("key", "value", "created_at", "updated_at") VALUES ($1, $2, $3, $4) RETURNING "key"[0m  [["key", "environment"], ["value", "development"], ["created_at", "2018-04-03 23:18:37.880615"], ["updated_at", "2018-04-03 23:18:37.880615"]]
  [1m[35m (0.4ms)[0m  [1m[35mCOMMIT[0m
  [1m[35m (0.2ms)[0m  [1m[34mSELECT pg_advisory_unlock(5522226800159071905)[0m
  [1m[35m (0.2ms)[0m  [1m[34mSELECT "schema_migrations"."version" FROM "schema_migrations" ORDER BY "schema_migrations"."version" ASC[0m
  [1m[35m (0.1ms)[0m  [1m[34mSELECT pg_try_advisory_lock(5522226800159071905)[0m
  [1m[35m (0.4ms)[0m  [1m[34mSELECT "schema_migrations"."version" FROM "schema_migrations" ORDER BY "schema_migrations"."version" ASC[0m
Migrating to AddAttachmentImageToPhotos (20180403232719)
  [1m[35m (0.1ms)[0m  [1m[34mSELECT pg_advisory_unlock(5522226800159071905)[0m
Started GET "/photos" for 127.0.0.1 at 2018-04-03 19:37:36 -0400
  [1m[35m (0.4ms)[0m  [1m[34mSELECT "schema_migrations"."version" FROM "schema_migrations" ORDER BY "schema_migrations"."version" ASC[0m
  
ActiveRecord::PendingMigrationError (

Migrations are pending. To resolve this issue, run:

        bin/rails db:migrate RAILS_ENV=development

):
  
activerecord (5.1.6) lib/active_record/migration.rb:576:in `check_pending!'
activerecord (5.1.6) lib/active_record/migration.rb:553:in `call'
actionpack (5.1.6) lib/action_dispatch/middleware/callbacks.rb:26:in `block in call'
activesupport (5.1.6) lib/active_support/callbacks.rb:97:in `run_callbacks'
actionpack (5.1.6) lib/action_dispatch/middleware/callbacks.rb:24:in `call'
actionpack (5.1.6) lib/action_dispatch/middleware/executor.rb:12:in `call'
actionpack (5.1.6) lib/action_dispatch/middleware/debug_exceptions.rb:59:in `call'
web-console (3.5.1) lib/web_console/middleware.rb:135:in `call_app'
web-console (3.5.1) lib/web_console/middleware.rb:28:in `block in call'
web-console (3.5.1) lib/web_console/middleware.rb:18:in `catch'
web-console (3.5.1) lib/web_console/middleware.rb:18:in `call'
actionpack (5.1.6) lib/action_dispatch/middleware/show_exceptions.rb:31:in `call'
railties (5.1.6) lib/rails/rack/logger.rb:36:in `call_app'
railties (5.1.6) lib/rails/rack/logger.rb:24:in `block in call'
activesupport (5.1.6) lib/active_support/tagged_logging.rb:69:in `block in tagged'
activesupport (5.1.6) lib/active_support/tagged_logging.rb:26:in `tagged'
activesupport (5.1.6) lib/active_support/tagged_logging.rb:69:in `tagged'
railties (5.1.6) lib/rails/rack/logger.rb:24:in `call'
sprockets-rails (3.2.1) lib/sprockets/rails/quiet_assets.rb:13:in `call'
actionpack (5.1.6) lib/action_dispatch/middleware/remote_ip.rb:79:in `call'
actionpack (5.1.6) lib/action_dispatch/middleware/request_id.rb:25:in `call'
rack (2.0.4) lib/rack/method_override.rb:22:in `call'
rack (2.0.4) lib/rack/runtime.rb:22:in `call'
activesupport (5.1.6) lib/active_support/cache/strategy/local_cache_middleware.rb:27:in `call'
actionpack (5.1.6) lib/action_dispatch/middleware/executor.rb:12:in `call'
actionpack (5.1.6) lib/action_dispatch/middleware/static.rb:125:in `call'
rack (2.0.4) lib/rack/sendfile.rb:111:in `call'
railties (5.1.6) lib/rails/engine.rb:522:in `call'
puma (3.11.3) lib/puma/configuration.rb:225:in `call'
puma (3.11.3) lib/puma/server.rb:624:in `handle_request'
puma (3.11.3) lib/puma/server.rb:438:in `process_client'
puma (3.11.3) lib/puma/server.rb:302:in `block in run'
puma (3.11.3) lib/puma/thread_pool.rb:120:in `block in spawn_thread'
  [1m[35m (0.1ms)[0m  [1m[34mSELECT pg_try_advisory_lock(5522226800159071905)[0m
  [1m[35m (0.5ms)[0m  [1m[34mSELECT "schema_migrations"."version" FROM "schema_migrations" ORDER BY "schema_migrations"."version" ASC[0m
Migrating to AddAttachmentImageToPhotos (20180403232719)
  [1m[35m (0.2ms)[0m  [1m[34mSELECT pg_advisory_unlock(5522226800159071905)[0m
  [1m[35m (0.1ms)[0m  [1m[34mSELECT pg_try_advisory_lock(5522226800159071905)[0m
  [1m[35m (0.4ms)[0m  [1m[34mSELECT "schema_migrations"."version" FROM "schema_migrations" ORDER BY "schema_migrations"."version" ASC[0m
Migrating to AddAttachmentImageToPhotos (20180403232719)
  [1m[35m (0.1ms)[0m  [1m[34mSELECT pg_advisory_unlock(5522226800159071905)[0m
  [1m[35m (0.1ms)[0m  [1m[34mSELECT pg_try_advisory_lock(5522226800159071905)[0m
  [1m[35m (0.4ms)[0m  [1m[34mSELECT "schema_migrations"."version" FROM "schema_migrations" ORDER BY "schema_migrations"."version" ASC[0m
Migrating to AddAttachmentImageToPhotos (20180403232719)
  [1m[35m (0.2ms)[0m  [1m[34mSELECT pg_advisory_unlock(5522226800159071905)[0m
  [1m[35m (0.1ms)[0m  [1m[34mSELECT pg_try_advisory_lock(5522226800159071905)[0m
  [1m[35m (0.4ms)[0m  [1m[34mSELECT "schema_migrations"."version" FROM "schema_migrations" ORDER BY "schema_migrations"."version" ASC[0m
Migrating to AddAttachmentImageToPhotos (20180403232719)
  [1m[35m (0.1ms)[0m  [1m[35mBEGIN[0m
  [1m[35m (0.5ms)[0m  [1m[35mALTER TABLE "photos" ADD "image_file_name" character varying[0m
  [1m[35m (0.1ms)[0m  [1m[35mALTER TABLE "photos" ADD "image_content_type" character varying[0m
  [1m[35m (0.1ms)[0m  [1m[35mALTER TABLE "photos" ADD "image_file_size" integer[0m
  [1m[35m (0.1ms)[0m  [1m[35mALTER TABLE "photos" ADD "image_updated_at" timestamp[0m
  [1m[35mSQL (0.2ms)[0m  [1m[32mINSERT INTO "schema_migrations" ("version") VALUES ($1) RETURNING "version"[0m  [["version", "20180403232719"]]
  [1m[35m (5.9ms)[0m  [1m[35mCOMMIT[0m
  [1m[36mActiveRecord::InternalMetadata Load (0.4ms)[0m  [1m[34mSELECT  "ar_internal_metadata".* FROM "ar_internal_metadata" WHERE "ar_internal_metadata"."key" = $1 LIMIT $2[0m  [["key", "environment"], ["LIMIT", 1]]
  [1m[35m (0.1ms)[0m  [1m[35mBEGIN[0m
  [1m[35m (0.1ms)[0m  [1m[35mCOMMIT[0m
  [1m[35m (0.2ms)[0m  [1m[34mSELECT pg_advisory_unlock(5522226800159071905)[0m
  [1m[35m (0.2ms)[0m  [1m[34mSELECT "schema_migrations"."version" FROM "schema_migrations" ORDER BY "schema_migrations"."version" ASC[0m
Started GET "/photos" for 127.0.0.1 at 2018-04-03 19:45:23 -0400
  [1m[35m (0.4ms)[0m  [1m[34mSELECT "schema_migrations"."version" FROM "schema_migrations" ORDER BY "schema_migrations"."version" ASC[0m
Processing by PhotosController#index as HTML
  Rendering photos/index.html.erb within layouts/application
  Rendered photos/index.html.erb within layouts/application (0.7ms)
Completed 200 OK in 217ms (Views: 207.2ms | ActiveRecord: 0.0ms)


Started GET "/photos/new" for 127.0.0.1 at 2018-04-03 19:45:28 -0400
Processing by PhotosController#new as HTML
  Rendering photos/new.html.erb within layouts/application
  Rendered photos/new.html.erb within layouts/application (207.3ms)
Completed 500 Internal Server Error in 242ms (ActiveRecord: 10.5ms)


  
ActionView::Template::Error (undefined local variable or method `f' for #<#<Class:0x00007fc7b42dcb38>:0x00007fc7b434da40>):
    1: <%= simple_form_for @photo do |pic| %>
    2:   <%= f.input :image %>
    3:   <%= f.input :location %>
    4:   <%= f.input :description %>
    5:   <%= f.button :submit %>
  
app/views/photos/new.html.erb:2:in `block in _app_views_photos_new_html_erb___3063723220922946366_70247849292200'
app/views/photos/new.html.erb:1:in `_app_views_photos_new_html_erb___3063723220922946366_70247849292200'
Started GET "/photos/new" for 127.0.0.1 at 2018-04-03 19:46:38 -0400
Processing by PhotosController#new as HTML
  Rendering photos/new.html.erb within layouts/application
  Rendered photos/new.html.erb within layouts/application (190.1ms)
Completed 500 Internal Server Error in 199ms (ActiveRecord: 0.0ms)


  
ActionView::Template::Error (undefined local variable or method `f' for #<#<Class:0x00007fc7b42dcb38>:0x00007fc7bac7d1a0>):
    1: <%= simple_form_for @photo do |pic| %>
    2:   
    3:   <%= f.input :location %>
    4:   <%= f.input :description %>
    5:   <%= f.button :submit %>
    6: <% end %>
  
app/views/photos/new.html.erb:3:in `block in _app_views_photos_new_html_erb___3063723220922946366_70247904439640'
app/views/photos/new.html.erb:1:in `_app_views_photos_new_html_erb___3063723220922946366_70247904439640'
Started GET "/photos/new" for 127.0.0.1 at 2018-04-03 19:47:14 -0400
Processing by PhotosController#new as HTML
  Rendering photos/new.html.erb within layouts/application
  Rendered photos/new.html.erb within layouts/application (25.1ms)
Completed 200 OK in 47ms (Views: 43.9ms | ActiveRecord: 0.0ms)


Started GET "/photos/new" for 127.0.0.1 at 2018-04-03 19:54:34 -0400
  [1m[35m (0.4ms)[0m  [1m[34mSELECT "schema_migrations"."version" FROM "schema_migrations" ORDER BY "schema_migrations"."version" ASC[0m
Processing by PhotosController#new as HTML
Redirected to http://localhost:3000/photos
Completed 302 Found in 18ms (ActiveRecord: 2.9ms)


Started GET "/photos" for 127.0.0.1 at 2018-04-03 19:54:35 -0400
Processing by PhotosController#index as HTML
  Rendering photos/index.html.erb within layouts/application
  Rendered photos/index.html.erb within layouts/application (0.9ms)
Completed 200 OK in 154ms (Views: 152.2ms | ActiveRecord: 0.0ms)


Started GET "/photos/new" for 127.0.0.1 at 2018-04-03 19:54:39 -0400
Processing by PhotosController#new as HTML
Redirected to http://localhost:3000/photos
Completed 302 Found in 1ms (ActiveRecord: 0.0ms)


Started GET "/photos" for 127.0.0.1 at 2018-04-03 19:54:39 -0400
Processing by PhotosController#index as HTML
  Rendering photos/index.html.erb within layouts/application
  Rendered photos/index.html.erb within layouts/application (0.3ms)
Completed 200 OK in 18ms (Views: 15.5ms | ActiveRecord: 0.0ms)


Started GET "/photos/new" for 127.0.0.1 at 2018-04-03 19:54:43 -0400
Processing by PhotosController#new as HTML
Redirected to http://localhost:3000/photos
Completed 302 Found in 1ms (ActiveRecord: 0.0ms)


Started GET "/photos" for 127.0.0.1 at 2018-04-03 19:54:43 -0400
Processing by PhotosController#index as HTML
  Rendering photos/index.html.erb within layouts/application
  Rendered photos/index.html.erb within layouts/application (0.2ms)
Completed 200 OK in 17ms (Views: 15.1ms | ActiveRecord: 0.0ms)


Started GET "/photos" for 127.0.0.1 at 2018-04-03 19:55:10 -0400
Processing by PhotosController#index as HTML
  Rendering photos/index.html.erb within layouts/application
  Rendered photos/index.html.erb within layouts/application (0.5ms)
Completed 200 OK in 20ms (Views: 17.7ms | ActiveRecord: 0.0ms)


Started GET "/photos/new" for 127.0.0.1 at 2018-04-03 19:55:13 -0400
Processing by PhotosController#new as HTML
  Rendering photos/new.html.erb within layouts/application
  Rendered photos/new.html.erb within layouts/application (43.3ms)
Completed 200 OK in 76ms (Views: 58.3ms | ActiveRecord: 3.6ms)


Started POST "/photos" for 127.0.0.1 at 2018-04-03 19:55:54 -0400
Processing by PhotosController#create as HTML
  Parameters: {"utf8"=>"✓", "authenticity_token"=>"EIa9iBgnZB/ib4yl4EfTncYAkKtIGvXbbMAHcxrI/L2BYdZKvN6zBFxT/Lc8HnDhQ0/cQcsv6fZbRh/ZJz7izQ==", "photo"=>{"image"=>#<ActionDispatch::Http::UploadedFile:0x00007ff304124e00 @tempfile=#<Tempfile:/var/folders/ks/qvcgky1d1vvg8fnfmpn3fsmh0000gn/T/RackMultipart20180403-13295-18g2hf.jpg>, @original_filename="20170511_123343.jpg", @content_type="image/jpeg", @headers="Content-Disposition: form-data; name=\"photo[image]\"; filename=\"20170511_123343.jpg\"\r\nContent-Type: image/jpeg\r\n">, "location"=>"Hawaii", "description"=>"Waterfall"}, "commit"=>"Create Photo"}
Completed 400 Bad Request in 1ms (ActiveRecord: 0.0ms)


  
ActionController::ParameterMissing (param is missing or the value is empty: post):
  
app/controllers/photos_controller.rb:21:in `post_params'
app/controllers/photos_controller.rb:13:in `create'
Started POST "/photos" for 127.0.0.1 at 2018-04-03 19:57:03 -0400
Processing by PhotosController#create as HTML
  Parameters: {"utf8"=>"✓", "authenticity_token"=>"EIa9iBgnZB/ib4yl4EfTncYAkKtIGvXbbMAHcxrI/L2BYdZKvN6zBFxT/Lc8HnDhQ0/cQcsv6fZbRh/ZJz7izQ==", "photo"=>{"image"=>#<ActionDispatch::Http::UploadedFile:0x00007ff303455418 @tempfile=#<Tempfile:/var/folders/ks/qvcgky1d1vvg8fnfmpn3fsmh0000gn/T/RackMultipart20180403-13295-1p8zkkm.jpg>, @original_filename="20170511_123343.jpg", @content_type="image/jpeg", @headers="Content-Disposition: form-data; name=\"photo[image]\"; filename=\"20170511_123343.jpg\"\r\nContent-Type: image/jpeg\r\n">, "location"=>"Hawaii", "description"=>"Waterfall"}, "commit"=>"Create Photo"}
Completed 400 Bad Request in 1ms (ActiveRecord: 0.0ms)


  
ActionController::ParameterMissing (param is missing or the value is empty: post):
  
app/controllers/photos_controller.rb:21:in `post_params'
app/controllers/photos_controller.rb:13:in `create'
  [1m[36mPhoto Load (0.3ms)[0m  [1m[34mSELECT  "photos".* FROM "photos" ORDER BY "photos"."id" ASC LIMIT $1[0m  [["LIMIT", 1]]
Started GET "/photos" for 127.0.0.1 at 2018-04-03 20:01:08 -0400
  [1m[35m (0.5ms)[0m  [1m[34mSELECT "schema_migrations"."version" FROM "schema_migrations" ORDER BY "schema_migrations"."version" ASC[0m
Processing by PhotosController#index as HTML
  Rendering photos/index.html.erb within layouts/application
  Rendered photos/index.html.erb within layouts/application (1.0ms)
Completed 200 OK in 199ms (Views: 191.8ms | ActiveRecord: 0.0ms)


Started GET "/photos/new" for 127.0.0.1 at 2018-04-03 20:01:11 -0400
Processing by PhotosController#new as HTML
  Rendering photos/new.html.erb within layouts/application
  Rendered photos/new.html.erb within layouts/application (39.5ms)
Completed 200 OK in 86ms (Views: 54.1ms | ActiveRecord: 11.1ms)


Started POST "/photos" for 127.0.0.1 at 2018-04-03 20:01:37 -0400
Processing by PhotosController#create as HTML
  Parameters: {"utf8"=>"✓", "authenticity_token"=>"oVd6rkqnibEkWzUZLDcdI2n94mCrxVuBTpj639WaH+MwsBFs7l5eqppnRQvwbr5f7LKuiijwR6x5HuJ16GwBkw==", "photo"=>{"image"=>#<ActionDispatch::Http::UploadedFile:0x00007ffe0a246ae8 @tempfile=#<Tempfile:/var/folders/ks/qvcgky1d1vvg8fnfmpn3fsmh0000gn/T/RackMultipart20180403-13474-1bjjmif.jpg>, @original_filename="20170505_191046.jpg", @content_type="image/jpeg", @headers="Content-Disposition: form-data; name=\"photo[image]\"; filename=\"20170505_191046.jpg\"\r\nContent-Type: image/jpeg\r\n">, "location"=>"Hawaii", "description"=>"Waikiki"}, "commit"=>"Create Photo"}
Completed 500 Internal Server Error in 6ms (ActiveRecord: 0.0ms)


  
Paperclip::Errors::MissingRequiredValidatorError (Paperclip::Errors::MissingRequiredValidatorError):
  
app/controllers/photos_controller.rb:13:in `create'
Started POST "/photos" for 127.0.0.1 at 2018-04-03 20:02:32 -0400
Processing by PhotosController#create as HTML
  Parameters: {"utf8"=>"✓", "authenticity_token"=>"oVd6rkqnibEkWzUZLDcdI2n94mCrxVuBTpj639WaH+MwsBFs7l5eqppnRQvwbr5f7LKuiijwR6x5HuJ16GwBkw==", "photo"=>{"image"=>#<ActionDispatch::Http::UploadedFile:0x00007ffe08511158 @tempfile=#<Tempfile:/var/folders/ks/qvcgky1d1vvg8fnfmpn3fsmh0000gn/T/RackMultipart20180403-13474-j2eazc.jpg>, @original_filename="20170505_191046.jpg", @content_type="image/jpeg", @headers="Content-Disposition: form-data; name=\"photo[image]\"; filename=\"20170505_191046.jpg\"\r\nContent-Type: image/jpeg\r\n">, "location"=>"Hawaii", "description"=>"Waikiki"}, "commit"=>"Create Photo"}
Completed 500 Internal Server Error in 129ms (ActiveRecord: 0.0ms)


  
NameError (undefined local variable or method `photo_params' for #<PhotosController:0x00007ffe085125a8>
Did you mean?  post_params):
  
app/controllers/photos_controller.rb:13:in `create'
Started POST "/photos" for 127.0.0.1 at 2018-04-03 20:02:38 -0400
Processing by PhotosController#create as HTML
  Parameters: {"utf8"=>"✓", "authenticity_token"=>"oVd6rkqnibEkWzUZLDcdI2n94mCrxVuBTpj639WaH+MwsBFs7l5eqppnRQvwbr5f7LKuiijwR6x5HuJ16GwBkw==", "photo"=>{"image"=>#<ActionDispatch::Http::UploadedFile:0x00007ffe02abc388 @tempfile=#<Tempfile:/var/folders/ks/qvcgky1d1vvg8fnfmpn3fsmh0000gn/T/RackMultipart20180403-13474-1hots8o.jpg>, @original_filename="20170505_191046.jpg", @content_type="image/jpeg", @headers="Content-Disposition: form-data; name=\"photo[image]\"; filename=\"20170505_191046.jpg\"\r\nContent-Type: image/jpeg\r\n">, "location"=>"Hawaii", "description"=>"Waikiki"}, "commit"=>"Create Photo"}
Completed 500 Internal Server Error in 104ms (ActiveRecord: 0.0ms)


  
NameError (undefined local variable or method `photo_params' for #<PhotosController:0x00007ffe02abee80>
Did you mean?  post_params):
  
app/controllers/photos_controller.rb:13:in `create'
Started POST "/photos" for 127.0.0.1 at 2018-04-03 20:03:47 -0400
Processing by PhotosController#create as HTML
  Parameters: {"utf8"=>"✓", "authenticity_token"=>"oVd6rkqnibEkWzUZLDcdI2n94mCrxVuBTpj639WaH+MwsBFs7l5eqppnRQvwbr5f7LKuiijwR6x5HuJ16GwBkw==", "photo"=>{"image"=>#<ActionDispatch::Http::UploadedFile:0x00007ffe0a338b40 @tempfile=#<Tempfile:/var/folders/ks/qvcgky1d1vvg8fnfmpn3fsmh0000gn/T/RackMultipart20180403-13474-y2fl17.jpg>, @original_filename="20170505_191046.jpg", @content_type="image/jpeg", @headers="Content-Disposition: form-data; name=\"photo[image]\"; filename=\"20170505_191046.jpg\"\r\nContent-Type: image/jpeg\r\n">, "location"=>"Hawaii", "description"=>"Waikiki"}, "commit"=>"Create Photo"}
Completed 400 Bad Request in 4ms (ActiveRecord: 0.0ms)


  
ActionController::ParameterMissing (param is missing or the value is empty: post):
  
app/controllers/photos_controller.rb:21:in `post_params'
app/controllers/photos_controller.rb:13:in `create'
Started GET "/photos" for 127.0.0.1 at 2018-04-03 20:03:59 -0400
Processing by PhotosController#index as HTML
  Rendering photos/index.html.erb within layouts/application
  Rendered photos/index.html.erb within layouts/application (0.3ms)
Completed 200 OK in 20ms (Views: 17.4ms | ActiveRecord: 0.0ms)


Started GET "/photos/new" for 127.0.0.1 at 2018-04-03 20:04:02 -0400
Processing by PhotosController#new as HTML
  Rendering photos/new.html.erb within layouts/application
  Rendered photos/new.html.erb within layouts/application (6.3ms)
Completed 200 OK in 52ms (Views: 29.4ms | ActiveRecord: 4.4ms)


Started POST "/photos" for 127.0.0.1 at 2018-04-03 20:04:18 -0400
Processing by PhotosController#create as HTML
  Parameters: {"utf8"=>"✓", "authenticity_token"=>"pEnkmd3A8HpITKpauXVfkjtHH2Xux+5ysHecFcagxyk1ro9beTknYfZw2khlLPzuvghTj23y8l+H8YS/+1bZWQ==", "photo"=>{"image"=>#<ActionDispatch::Http::UploadedFile:0x00007ffe02fbd4b8 @tempfile=#<Tempfile:/var/folders/ks/qvcgky1d1vvg8fnfmpn3fsmh0000gn/T/RackMultipart20180403-13474-15mst17.jpg>, @original_filename="20170429_162613.jpg", @content_type="image/jpeg", @headers="Content-Disposition: form-data; name=\"photo[image]\"; filename=\"20170429_162613.jpg\"\r\nContent-Type: image/jpeg\r\n">, "location"=>"Hawaii", "description"=>"Waterfall"}, "commit"=>"Create Photo"}
Completed 400 Bad Request in 1ms (ActiveRecord: 0.0ms)


  
ActionController::ParameterMissing (param is missing or the value is empty: post):
  
app/controllers/photos_controller.rb:21:in `post_params'
app/controllers/photos_controller.rb:13:in `create'
Started POST "/photos" for 127.0.0.1 at 2018-04-03 20:07:37 -0400
Processing by PhotosController#create as HTML
  Parameters: {"utf8"=>"✓", "authenticity_token"=>"pEnkmd3A8HpITKpauXVfkjtHH2Xux+5ysHecFcagxyk1ro9beTknYfZw2khlLPzuvghTj23y8l+H8YS/+1bZWQ==", "photo"=>{"image"=>#<ActionDispatch::Http::UploadedFile:0x00007ffe04517868 @tempfile=#<Tempfile:/var/folders/ks/qvcgky1d1vvg8fnfmpn3fsmh0000gn/T/RackMultipart20180403-13474-zjcsu3.jpg>, @original_filename="20170429_162613.jpg", @content_type="image/jpeg", @headers="Content-Disposition: form-data; name=\"photo[image]\"; filename=\"20170429_162613.jpg\"\r\nContent-Type: image/jpeg\r\n">, "location"=>"Hawaii", "description"=>"Waterfall"}, "commit"=>"Create Photo"}
Completed 500 Internal Server Error in 15ms (ActiveRecord: 0.0ms)


  
Paperclip::Errors::MissingRequiredValidatorError (Paperclip::Errors::MissingRequiredValidatorError):
  
app/controllers/photos_controller.rb:13:in `create'
Started POST "/photos" for 127.0.0.1 at 2018-04-03 20:07:40 -0400
Processing by PhotosController#create as HTML
  Parameters: {"utf8"=>"✓", "authenticity_token"=>"pEnkmd3A8HpITKpauXVfkjtHH2Xux+5ysHecFcagxyk1ro9beTknYfZw2khlLPzuvghTj23y8l+H8YS/+1bZWQ==", "photo"=>{"image"=>#<ActionDispatch::Http::UploadedFile:0x00007ffe086efb78 @tempfile=#<Tempfile:/var/folders/ks/qvcgky1d1vvg8fnfmpn3fsmh0000gn/T/RackMultipart20180403-13474-1sish1z.jpg>, @original_filename="20170429_162613.jpg", @content_type="image/jpeg", @headers="Content-Disposition: form-data; name=\"photo[image]\"; filename=\"20170429_162613.jpg\"\r\nContent-Type: image/jpeg\r\n">, "location"=>"Hawaii", "description"=>"Waterfall"}, "commit"=>"Create Photo"}
Completed 500 Internal Server Error in 6ms (ActiveRecord: 0.0ms)


  
Paperclip::Errors::MissingRequiredValidatorError (Paperclip::Errors::MissingRequiredValidatorError):
  
app/controllers/photos_controller.rb:13:in `create'
Started POST "/photos" for 127.0.0.1 at 2018-04-03 20:10:15 -0400
Processing by PhotosController#create as HTML
  Parameters: {"utf8"=>"✓", "authenticity_token"=>"pEnkmd3A8HpITKpauXVfkjtHH2Xux+5ysHecFcagxyk1ro9beTknYfZw2khlLPzuvghTj23y8l+H8YS/+1bZWQ==", "photo"=>{"image"=>#<ActionDispatch::Http::UploadedFile:0x00007ffe0a10ce70 @tempfile=#<Tempfile:/var/folders/ks/qvcgky1d1vvg8fnfmpn3fsmh0000gn/T/RackMultipart20180403-13474-1b64uiq.jpg>, @original_filename="20170429_162613.jpg", @content_type="image/jpeg", @headers="Content-Disposition: form-data; name=\"photo[image]\"; filename=\"20170429_162613.jpg\"\r\nContent-Type: image/jpeg\r\n">, "location"=>"Hawaii", "description"=>"Waterfall"}, "commit"=>"Create Photo"}
Command :: identify -format '%wx%h,%[exif:orientation]' '/var/folders/ks/qvcgky1d1vvg8fnfmpn3fsmh0000gn/T/e96900f22b96e2b0e3b6be3d1c52afbb20180403-13474-1qq3br9.jpg[0]' 2>/dev/null
Command :: identify -format %m '/var/folders/ks/qvcgky1d1vvg8fnfmpn3fsmh0000gn/T/e96900f22b96e2b0e3b6be3d1c52afbb20180403-13474-1qq3br9.jpg[0]'
Command :: convert '/var/folders/ks/qvcgky1d1vvg8fnfmpn3fsmh0000gn/T/e96900f22b96e2b0e3b6be3d1c52afbb20180403-13474-1qq3br9.jpg[0]' -auto-orient -resize "640" '/var/folders/ks/qvcgky1d1vvg8fnfmpn3fsmh0000gn/T/a3deddbc1bb2a789683303e812ec10eb20180403-13474-r07jli'
  [1m[35m (0.2ms)[0m  [1m[35mBEGIN[0m
Command :: file -b --mime '/var/folders/ks/qvcgky1d1vvg8fnfmpn3fsmh0000gn/T/e96900f22b96e2b0e3b6be3d1c52afbb20180403-13474-d5lwjc.jpg'
  [1m[35mSQL (1.0ms)[0m  [1m[32mINSERT INTO "photos" ("location", "description", "created_at", "updated_at", "image_file_name", "image_content_type", "image_file_size", "image_updated_at") VALUES ($1, $2, $3, $4, $5, $6, $7, $8) RETURNING "id"[0m  [["location", "Hawaii"], ["description", "Waterfall"], ["created_at", "2018-04-04 00:10:16.602706"], ["updated_at", "2018-04-04 00:10:16.602706"], ["image_file_name", "20170429_162613.jpg"], ["image_content_type", "image/jpeg"], ["image_file_size", 2540931], ["image_updated_at", "2018-04-04 00:10:15.516995"]]
  [1m[35m (6.2ms)[0m  [1m[35mCOMMIT[0m
Redirected to http://localhost:3000/photos
Completed 302 Found in 1122ms (ActiveRecord: 7.4ms)


Started POST "/photos" for 127.0.0.1 at 2018-04-03 20:10:19 -0400
Processing by PhotosController#create as HTML
  Parameters: {"utf8"=>"✓", "authenticity_token"=>"pEnkmd3A8HpITKpauXVfkjtHH2Xux+5ysHecFcagxyk1ro9beTknYfZw2khlLPzuvghTj23y8l+H8YS/+1bZWQ==", "photo"=>{"image"=>#<ActionDispatch::Http::UploadedFile:0x00007ffe086b8588 @tempfile=#<Tempfile:/var/folders/ks/qvcgky1d1vvg8fnfmpn3fsmh0000gn/T/RackMultipart20180403-13474-vtg8jy.jpg>, @original_filename="20170429_162613.jpg", @content_type="image/jpeg", @headers="Content-Disposition: form-data; name=\"photo[image]\"; filename=\"20170429_162613.jpg\"\r\nContent-Type: image/jpeg\r\n">, "location"=>"Hawaii", "description"=>"Waterfall"}, "commit"=>"Create Photo"}
Command :: identify -format '%wx%h,%[exif:orientation]' '/var/folders/ks/qvcgky1d1vvg8fnfmpn3fsmh0000gn/T/e96900f22b96e2b0e3b6be3d1c52afbb20180403-13474-wuluhx.jpg[0]' 2>/dev/null
Command :: identify -format %m '/var/folders/ks/qvcgky1d1vvg8fnfmpn3fsmh0000gn/T/e96900f22b96e2b0e3b6be3d1c52afbb20180403-13474-wuluhx.jpg[0]'
Command :: convert '/var/folders/ks/qvcgky1d1vvg8fnfmpn3fsmh0000gn/T/e96900f22b96e2b0e3b6be3d1c52afbb20180403-13474-wuluhx.jpg[0]' -auto-orient -resize "640" '/var/folders/ks/qvcgky1d1vvg8fnfmpn3fsmh0000gn/T/d5172c78674170bffd6069bd59a402a120180403-13474-ltl3lk'
  [1m[35m (0.2ms)[0m  [1m[35mBEGIN[0m
Command :: file -b --mime '/var/folders/ks/qvcgky1d1vvg8fnfmpn3fsmh0000gn/T/e96900f22b96e2b0e3b6be3d1c52afbb20180403-13474-1qvw2ph.jpg'
  [1m[35mSQL (0.6ms)[0m  [1m[32mINSERT INTO "photos" ("location", "description", "created_at", "updated_at", "image_file_name", "image_content_type", "image_file_size", "image_updated_at") VALUES ($1, $2, $3, $4, $5, $6, $7, $8) RETURNING "id"[0m  [["location", "Hawaii"], ["description", "Waterfall"], ["created_at", "2018-04-04 00:10:20.024417"], ["updated_at", "2018-04-04 00:10:20.024417"], ["image_file_name", "20170429_162613.jpg"], ["image_content_type", "image/jpeg"], ["image_file_size", 2540931], ["image_updated_at", "2018-04-04 00:10:19.074284"]]
  [1m[35m (7.6ms)[0m  [1m[35mCOMMIT[0m
Redirected to http://localhost:3000/photos
Completed 302 Found in 979ms (ActiveRecord: 8.4ms)


Started GET "/photos" for 127.0.0.1 at 2018-04-03 20:10:20 -0400
Processing by PhotosController#index as HTML
  Rendering photos/index.html.erb within layouts/application
  Rendered photos/index.html.erb within layouts/application (0.5ms)
Completed 200 OK in 22ms (Views: 19.2ms | ActiveRecord: 0.0ms)


  [1m[36mPhoto Load (0.3ms)[0m  [1m[34mSELECT  "photos".* FROM "photos" ORDER BY "photos"."id" ASC LIMIT $1[0m  [["LIMIT", 1]]
Started GET "/photos" for 127.0.0.1 at 2018-04-03 20:22:03 -0400
  [1m[35m (0.4ms)[0m  [1m[34mSELECT "schema_migrations"."version" FROM "schema_migrations" ORDER BY "schema_migrations"."version" ASC[0m
Processing by PhotosController#index as HTML
  Rendering photos/index.html.erb within layouts/application
  Rendered photos/index.html.erb within layouts/application (0.6ms)
Completed 500 Internal Server Error in 20ms (ActiveRecord: 0.0ms)


  
SyntaxError (/Users/khalidhosein/code/wdi/PROJECTS/PicStar/app/views/photos/index.html.erb:8: syntax error, unexpected '\n', expecting &. or :: or '[' or '.'
'.freeze;	 end 
         	     ^):
  
app/views/photos/index.html.erb:8: syntax error, unexpected '\n', expecting &. or :: or '[' or '.'
Started GET "/photos" for 127.0.0.1 at 2018-04-03 20:23:26 -0400
Processing by PhotosController#index as HTML
  Rendering photos/index.html.erb within layouts/application
  Rendered photos/index.html.erb within layouts/application (0.5ms)
Completed 500 Internal Server Error in 8ms (ActiveRecord: 0.0ms)


  
SyntaxError (/Users/khalidhosein/code/wdi/PROJECTS/PicStar/app/views/photos/index.html.erb:8: syntax error, unexpected '\n', expecting &. or :: or '[' or '.'
'.freeze;	 end 
         	     ^):
  
app/views/photos/index.html.erb:8: syntax error, unexpected '\n', expecting &. or :: or '[' or '.'
Started GET "/photos" for 127.0.0.1 at 2018-04-03 20:23:28 -0400
Processing by PhotosController#index as HTML
  Rendering photos/index.html.erb within layouts/application
  Rendered photos/index.html.erb within layouts/application (0.9ms)
Completed 500 Internal Server Error in 10ms (ActiveRecord: 0.0ms)


  
SyntaxError (/Users/khalidhosein/code/wdi/PROJECTS/PicStar/app/views/photos/index.html.erb:8: syntax error, unexpected '\n', expecting &. or :: or '[' or '.'
'.freeze;	 end 
         	     ^):
  
app/views/photos/index.html.erb:8: syntax error, unexpected '\n', expecting &. or :: or '[' or '.'
Started GET "/photos" for 127.0.0.1 at 2018-04-03 20:23:30 -0400
Processing by PhotosController#index as HTML
  Rendering photos/index.html.erb within layouts/application
  Rendered photos/index.html.erb within layouts/application (0.7ms)
Completed 500 Internal Server Error in 10ms (ActiveRecord: 0.0ms)


  
SyntaxError (/Users/khalidhosein/code/wdi/PROJECTS/PicStar/app/views/photos/index.html.erb:8: syntax error, unexpected '\n', expecting &. or :: or '[' or '.'
'.freeze;	 end 
         	     ^):
  
app/views/photos/index.html.erb:8: syntax error, unexpected '\n', expecting &. or :: or '[' or '.'
Started GET "/photos" for 127.0.0.1 at 2018-04-03 20:24:05 -0400
Processing by PhotosController#index as HTML
  Rendering photos/index.html.erb within layouts/application
  [1m[36mPhoto Load (0.6ms)[0m  [1m[34mSELECT "photos".* FROM "photos"[0m
  Rendered photos/index.html.erb within layouts/application (15.1ms)
Completed 200 OK in 216ms (Views: 209.0ms | ActiveRecord: 4.8ms)


Started GET "/photos" for 127.0.0.1 at 2018-04-03 20:24:54 -0400
Processing by PhotosController#index as HTML
  Rendering photos/index.html.erb within layouts/application
  [1m[36mPhoto Load (0.3ms)[0m  [1m[34mSELECT "photos".* FROM "photos"[0m
  Rendered photos/index.html.erb within layouts/application (2.3ms)
Completed 200 OK in 21ms (Views: 17.8ms | ActiveRecord: 0.3ms)


Started GET "/photos" for 127.0.0.1 at 2018-04-03 20:49:31 -0400
  [1m[35m (0.4ms)[0m  [1m[34mSELECT "schema_migrations"."version" FROM "schema_migrations" ORDER BY "schema_migrations"."version" ASC[0m
Processing by PhotosController#index as HTML
  Rendering photos/index.html.erb within layouts/application
  [1m[36mPhoto Load (0.5ms)[0m  [1m[34mSELECT "photos".* FROM "photos"[0m
  Rendered photos/index.html.erb within layouts/application (248.6ms)
Completed 500 Internal Server Error in 267ms (ActiveRecord: 3.4ms)


  
ActionView::Template::Error (undefined local variable or method `post' for #<#<Class:0x00007ff81d6c3168>:0x00007ff81dce1770>):
    10: 
    11: <% @photos.each do |photo| %>
    12:   <div class="row">
    13:     <%= link_to (image_tag photo.image.url(:medium)), post_path(post) %>
    14:     <p>
    15:       <%= photo.location %>
    16:       <%= photo.description %>
  
app/views/photos/index.html.erb:13:in `block in _app_views_photos_index_html_erb__1116779040922756403_70351806907100'
app/views/photos/index.html.erb:11:in `_app_views_photos_index_html_erb__1116779040922756403_70351806907100'
Started GET "/photos" for 127.0.0.1 at 2018-04-03 20:49:54 -0400
Processing by PhotosController#index as HTML
  Rendering photos/index.html.erb within layouts/application
  [1m[36mPhoto Load (0.5ms)[0m  [1m[34mSELECT "photos".* FROM "photos"[0m
  Rendered photos/index.html.erb within layouts/application (14.0ms)
Completed 500 Internal Server Error in 163ms (ActiveRecord: 5.4ms)


  
ActionView::Template::Error (couldn't find file 'jquery3' with type 'text/css'
Checked in these paths: 
  /Users/khalidhosein/code/wdi/PROJECTS/PicStar/app/assets/config
  /Users/khalidhosein/code/wdi/PROJECTS/PicStar/app/assets/images
  /Users/khalidhosein/code/wdi/PROJECTS/PicStar/app/assets/javascripts
  /Users/khalidhosein/code/wdi/PROJECTS/PicStar/app/assets/stylesheets
  /Users/khalidhosein/.rbenv/versions/2.5.0/lib/ruby/gems/2.5.0/gems/coffee-rails-4.2.2/lib/assets/javascripts
  /Users/khalidhosein/.rbenv/versions/2.5.0/lib/ruby/gems/2.5.0/gems/jquery-rails-4.3.1/vendor/assets/javascripts
  /Users/khalidhosein/.rbenv/versions/2.5.0/lib/ruby/gems/2.5.0/gems/actioncable-5.1.6/lib/assets/compiled
  /Users/khalidhosein/.rbenv/versions/2.5.0/lib/ruby/gems/2.5.0/gems/actionview-5.1.6/lib/assets/compiled
  /Users/khalidhosein/.rbenv/versions/2.5.0/lib/ruby/gems/2.5.0/gems/turbolinks-source-5.1.0/lib/assets/javascripts
  /Users/khalidhosein/code/wdi/PROJECTS/PicStar/node_modules
  /Users/khalidhosein/.rbenv/versions/2.5.0/lib/ruby/gems/2.5.0/gems/bootstrap-sass-3.3.7/assets/stylesheets
  /Users/khalidhosein/.rbenv/versions/2.5.0/lib/ruby/gems/2.5.0/gems/bootstrap-sass-3.3.7/assets/javascripts
  /Users/khalidhosein/.rbenv/versions/2.5.0/lib/ruby/gems/2.5.0/gems/bootstrap-sass-3.3.7/assets/fonts
  /Users/khalidhosein/.rbenv/versions/2.5.0/lib/ruby/gems/2.5.0/gems/bootstrap-sass-3.3.7/assets/images):
    4:     <title>PicStar</title>
    5:     <%= csrf_meta_tags %>
    6: 
    7:     <%= stylesheet_link_tag    'application', media: 'all', 'data-turbolinks-track': 'reload' %>
    8:     <%= javascript_include_tag 'application', 'data-turbolinks-track': 'reload' %>
    9:   </head>
   10:   <nav class="navbar navbar-default">
  
app/assets/stylesheets/application.scss:15
app/views/layouts/application.html.erb:7:in `_app_views_layouts_application_html_erb__1743477915896697847_70351850544760'
Started GET "/photos" for 127.0.0.1 at 2018-04-03 20:52:58 -0400
Processing by PhotosController#index as HTML
  Rendering photos/index.html.erb within layouts/application
  [1m[36mPhoto Load (0.3ms)[0m  [1m[34mSELECT "photos".* FROM "photos"[0m
  Rendered photos/index.html.erb within layouts/application (3.2ms)
Completed 500 Internal Server Error in 19ms (ActiveRecord: 0.3ms)


  
ActionView::Template::Error (couldn't find file 'jquery3' with type 'text/css'
Checked in these paths: 
  /Users/khalidhosein/code/wdi/PROJECTS/PicStar/app/assets/config
  /Users/khalidhosein/code/wdi/PROJECTS/PicStar/app/assets/images
  /Users/khalidhosein/code/wdi/PROJECTS/PicStar/app/assets/javascripts
  /Users/khalidhosein/code/wdi/PROJECTS/PicStar/app/assets/stylesheets
  /Users/khalidhosein/.rbenv/versions/2.5.0/lib/ruby/gems/2.5.0/gems/coffee-rails-4.2.2/lib/assets/javascripts
  /Users/khalidhosein/.rbenv/versions/2.5.0/lib/ruby/gems/2.5.0/gems/jquery-rails-4.3.1/vendor/assets/javascripts
  /Users/khalidhosein/.rbenv/versions/2.5.0/lib/ruby/gems/2.5.0/gems/actioncable-5.1.6/lib/assets/compiled
  /Users/khalidhosein/.rbenv/versions/2.5.0/lib/ruby/gems/2.5.0/gems/actionview-5.1.6/lib/assets/compiled
  /Users/khalidhosein/.rbenv/versions/2.5.0/lib/ruby/gems/2.5.0/gems/turbolinks-source-5.1.0/lib/assets/javascripts
  /Users/khalidhosein/code/wdi/PROJECTS/PicStar/node_modules
  /Users/khalidhosein/.rbenv/versions/2.5.0/lib/ruby/gems/2.5.0/gems/bootstrap-sass-3.3.7/assets/stylesheets
  /Users/khalidhosein/.rbenv/versions/2.5.0/lib/ruby/gems/2.5.0/gems/bootstrap-sass-3.3.7/assets/javascripts
  /Users/khalidhosein/.rbenv/versions/2.5.0/lib/ruby/gems/2.5.0/gems/bootstrap-sass-3.3.7/assets/fonts
  /Users/khalidhosein/.rbenv/versions/2.5.0/lib/ruby/gems/2.5.0/gems/bootstrap-sass-3.3.7/assets/images):
    4:     <title>PicStar</title>
    5:     <%= csrf_meta_tags %>
    6: 
    7:     <%= stylesheet_link_tag    'application', media: 'all', 'data-turbolinks-track': 'reload' %>
    8:     <%= javascript_include_tag 'default', 'data-turbolinks-track': 'reload' %>
    9:   </head>
   10:   <nav class="navbar navbar-default">
  
app/assets/stylesheets/application.scss:15
app/views/layouts/application.html.erb:7:in `_app_views_layouts_application_html_erb__1743477915896697847_70351815121320'
Started GET "/photos" for 127.0.0.1 at 2018-04-03 20:53:01 -0400
Processing by PhotosController#index as HTML
  Rendering photos/index.html.erb within layouts/application
  [1m[36mPhoto Load (0.4ms)[0m  [1m[34mSELECT "photos".* FROM "photos"[0m
  Rendered photos/index.html.erb within layouts/application (2.2ms)
Completed 500 Internal Server Error in 17ms (ActiveRecord: 0.4ms)


  
ActionView::Template::Error (couldn't find file 'jquery3' with type 'text/css'
Checked in these paths: 
  /Users/khalidhosein/code/wdi/PROJECTS/PicStar/app/assets/config
  /Users/khalidhosein/code/wdi/PROJECTS/PicStar/app/assets/images
  /Users/khalidhosein/code/wdi/PROJECTS/PicStar/app/assets/javascripts
  /Users/khalidhosein/code/wdi/PROJECTS/PicStar/app/assets/stylesheets
  /Users/khalidhosein/.rbenv/versions/2.5.0/lib/ruby/gems/2.5.0/gems/coffee-rails-4.2.2/lib/assets/javascripts
  /Users/khalidhosein/.rbenv/versions/2.5.0/lib/ruby/gems/2.5.0/gems/jquery-rails-4.3.1/vendor/assets/javascripts
  /Users/khalidhosein/.rbenv/versions/2.5.0/lib/ruby/gems/2.5.0/gems/actioncable-5.1.6/lib/assets/compiled
  /Users/khalidhosein/.rbenv/versions/2.5.0/lib/ruby/gems/2.5.0/gems/actionview-5.1.6/lib/assets/compiled
  /Users/khalidhosein/.rbenv/versions/2.5.0/lib/ruby/gems/2.5.0/gems/turbolinks-source-5.1.0/lib/assets/javascripts
  /Users/khalidhosein/code/wdi/PROJECTS/PicStar/node_modules
  /Users/khalidhosein/.rbenv/versions/2.5.0/lib/ruby/gems/2.5.0/gems/bootstrap-sass-3.3.7/assets/stylesheets
  /Users/khalidhosein/.rbenv/versions/2.5.0/lib/ruby/gems/2.5.0/gems/bootstrap-sass-3.3.7/assets/javascripts
  /Users/khalidhosein/.rbenv/versions/2.5.0/lib/ruby/gems/2.5.0/gems/bootstrap-sass-3.3.7/assets/fonts
  /Users/khalidhosein/.rbenv/versions/2.5.0/lib/ruby/gems/2.5.0/gems/bootstrap-sass-3.3.7/assets/images):
    4:     <title>PicStar</title>
    5:     <%= csrf_meta_tags %>
    6: 
    7:     <%= stylesheet_link_tag    'application', media: 'all', 'data-turbolinks-track': 'reload' %>
    8:     <%= javascript_include_tag 'default', 'data-turbolinks-track': 'reload' %>
    9:   </head>
   10:   <nav class="navbar navbar-default">
  
app/assets/stylesheets/application.scss:15
app/views/layouts/application.html.erb:7:in `_app_views_layouts_application_html_erb__1743477915896697847_70351815416600'
Started GET "/photos" for 127.0.0.1 at 2018-04-03 20:57:52 -0400
  [1m[35m (0.4ms)[0m  [1m[34mSELECT "schema_migrations"."version" FROM "schema_migrations" ORDER BY "schema_migrations"."version" ASC[0m
Processing by PhotosController#index as HTML
  Rendering photos/index.html.erb within layouts/application
  [1m[36mPhoto Load (0.5ms)[0m  [1m[34mSELECT "photos".* FROM "photos"[0m
  Rendered photos/index.html.erb within layouts/application (14.0ms)
Completed 500 Internal Server Error in 194ms (ActiveRecord: 3.7ms)


  
ActionView::Template::Error (couldn't find file 'jquery3' with type 'text/css'
Checked in these paths: 
  /Users/khalidhosein/code/wdi/PROJECTS/PicStar/app/assets/config
  /Users/khalidhosein/code/wdi/PROJECTS/PicStar/app/assets/images
  /Users/khalidhosein/code/wdi/PROJECTS/PicStar/app/assets/javascripts
  /Users/khalidhosein/code/wdi/PROJECTS/PicStar/app/assets/stylesheets
  /Users/khalidhosein/.rbenv/versions/2.5.0/lib/ruby/gems/2.5.0/gems/coffee-rails-4.2.2/lib/assets/javascripts
  /Users/khalidhosein/.rbenv/versions/2.5.0/lib/ruby/gems/2.5.0/gems/jquery-rails-4.3.1/vendor/assets/javascripts
  /Users/khalidhosein/.rbenv/versions/2.5.0/lib/ruby/gems/2.5.0/gems/actioncable-5.1.6/lib/assets/compiled
  /Users/khalidhosein/.rbenv/versions/2.5.0/lib/ruby/gems/2.5.0/gems/actionview-5.1.6/lib/assets/compiled
  /Users/khalidhosein/.rbenv/versions/2.5.0/lib/ruby/gems/2.5.0/gems/turbolinks-source-5.1.0/lib/assets/javascripts
  /Users/khalidhosein/code/wdi/PROJECTS/PicStar/node_modules
  /Users/khalidhosein/.rbenv/versions/2.5.0/lib/ruby/gems/2.5.0/gems/bootstrap-sass-3.3.7/assets/stylesheets
  /Users/khalidhosein/.rbenv/versions/2.5.0/lib/ruby/gems/2.5.0/gems/bootstrap-sass-3.3.7/assets/javascripts
  /Users/khalidhosein/.rbenv/versions/2.5.0/lib/ruby/gems/2.5.0/gems/bootstrap-sass-3.3.7/assets/fonts
  /Users/khalidhosein/.rbenv/versions/2.5.0/lib/ruby/gems/2.5.0/gems/bootstrap-sass-3.3.7/assets/images):
    4:     <title>PicStar</title>
    5:     <%= csrf_meta_tags %>
    6: 
    7:     <%= stylesheet_link_tag    'application', media: 'all', 'data-turbolinks-track': 'reload' %>
    8:     <%= javascript_include_tag 'default', 'data-turbolinks-track': 'reload' %>
    9:   </head>
   10:   <nav class="navbar navbar-default">
  
app/assets/stylesheets/application.scss:15
app/views/layouts/application.html.erb:7:in `_app_views_layouts_application_html_erb__3094495261788096181_70180346428600'
Started GET "/photos" for 127.0.0.1 at 2018-04-03 20:58:35 -0400
Processing by PhotosController#index as HTML
  Rendering photos/index.html.erb within layouts/application
  [1m[36mPhoto Load (0.5ms)[0m  [1m[34mSELECT "photos".* FROM "photos"[0m
  Rendered photos/index.html.erb within layouts/application (15.5ms)
Completed 500 Internal Server Error in 44ms (ActiveRecord: 6.3ms)


  
ActionView::Template::Error (couldn't find file 'jquery3' with type 'text/css'
Checked in these paths: 
  /Users/khalidhosein/code/wdi/PROJECTS/PicStar/app/assets/config
  /Users/khalidhosein/code/wdi/PROJECTS/PicStar/app/assets/images
  /Users/khalidhosein/code/wdi/PROJECTS/PicStar/app/assets/javascripts
  /Users/khalidhosein/code/wdi/PROJECTS/PicStar/app/assets/stylesheets
  /Users/khalidhosein/.rbenv/versions/2.5.0/lib/ruby/gems/2.5.0/gems/coffee-rails-4.2.2/lib/assets/javascripts
  /Users/khalidhosein/.rbenv/versions/2.5.0/lib/ruby/gems/2.5.0/gems/jquery-rails-4.3.1/vendor/assets/javascripts
  /Users/khalidhosein/.rbenv/versions/2.5.0/lib/ruby/gems/2.5.0/gems/actioncable-5.1.6/lib/assets/compiled
  /Users/khalidhosein/.rbenv/versions/2.5.0/lib/ruby/gems/2.5.0/gems/actionview-5.1.6/lib/assets/compiled
  /Users/khalidhosein/.rbenv/versions/2.5.0/lib/ruby/gems/2.5.0/gems/turbolinks-source-5.1.0/lib/assets/javascripts
  /Users/khalidhosein/code/wdi/PROJECTS/PicStar/node_modules
  /Users/khalidhosein/.rbenv/versions/2.5.0/lib/ruby/gems/2.5.0/gems/bootstrap-sass-3.3.7/assets/stylesheets
  /Users/khalidhosein/.rbenv/versions/2.5.0/lib/ruby/gems/2.5.0/gems/bootstrap-sass-3.3.7/assets/javascripts
  /Users/khalidhosein/.rbenv/versions/2.5.0/lib/ruby/gems/2.5.0/gems/bootstrap-sass-3.3.7/assets/fonts
  /Users/khalidhosein/.rbenv/versions/2.5.0/lib/ruby/gems/2.5.0/gems/bootstrap-sass-3.3.7/assets/images):
    4:     <title>PicStar</title>
    5:     <%= csrf_meta_tags %>
    6: 
    7:     <%= stylesheet_link_tag    'application', media: 'all', 'data-turbolinks-track': 'reload' %>
    8:     <%= javascript_include_tag 'application', 'data-turbolinks-track': 'reload' %>
    9:   </head>
   10:   <nav class="navbar navbar-default">
  
app/assets/stylesheets/application.scss:15
app/views/layouts/application.html.erb:7:in `_app_views_layouts_application_html_erb__3094495261788096181_70180397376880'
Started GET "/photos" for 127.0.0.1 at 2018-04-03 21:00:15 -0400
Processing by PhotosController#index as HTML
  Rendering photos/index.html.erb within layouts/application
  [1m[36mPhoto Load (0.2ms)[0m  [1m[34mSELECT "photos".* FROM "photos"[0m
  Rendered photos/index.html.erb within layouts/application (2.4ms)
Completed 500 Internal Server Error in 17ms (ActiveRecord: 0.2ms)


  
ActionView::Template::Error (couldn't find file 'jquery3' with type 'text/css'
Checked in these paths: 
  /Users/khalidhosein/code/wdi/PROJECTS/PicStar/app/assets/config
  /Users/khalidhosein/code/wdi/PROJECTS/PicStar/app/assets/images
  /Users/khalidhosein/code/wdi/PROJECTS/PicStar/app/assets/javascripts
  /Users/khalidhosein/code/wdi/PROJECTS/PicStar/app/assets/stylesheets
  /Users/khalidhosein/.rbenv/versions/2.5.0/lib/ruby/gems/2.5.0/gems/coffee-rails-4.2.2/lib/assets/javascripts
  /Users/khalidhosein/.rbenv/versions/2.5.0/lib/ruby/gems/2.5.0/gems/jquery-rails-4.3.1/vendor/assets/javascripts
  /Users/khalidhosein/.rbenv/versions/2.5.0/lib/ruby/gems/2.5.0/gems/actioncable-5.1.6/lib/assets/compiled
  /Users/khalidhosein/.rbenv/versions/2.5.0/lib/ruby/gems/2.5.0/gems/actionview-5.1.6/lib/assets/compiled
  /Users/khalidhosein/.rbenv/versions/2.5.0/lib/ruby/gems/2.5.0/gems/turbolinks-source-5.1.0/lib/assets/javascripts
  /Users/khalidhosein/code/wdi/PROJECTS/PicStar/node_modules
  /Users/khalidhosein/.rbenv/versions/2.5.0/lib/ruby/gems/2.5.0/gems/bootstrap-sass-3.3.7/assets/stylesheets
  /Users/khalidhosein/.rbenv/versions/2.5.0/lib/ruby/gems/2.5.0/gems/bootstrap-sass-3.3.7/assets/javascripts
  /Users/khalidhosein/.rbenv/versions/2.5.0/lib/ruby/gems/2.5.0/gems/bootstrap-sass-3.3.7/assets/fonts
  /Users/khalidhosein/.rbenv/versions/2.5.0/lib/ruby/gems/2.5.0/gems/bootstrap-sass-3.3.7/assets/images):
    4:     <title>PicStar</title>
    5:     <%= csrf_meta_tags %>
    6: 
    7:     <%= stylesheet_link_tag    'application', media: 'all', 'data-turbolinks-track': 'reload' %>
    8:     <%= javascript_include_tag 'application', 'data-turbolinks-track': 'reload' %>
    9:   </head>
   10:   <nav class="navbar navbar-default">
  
app/assets/stylesheets/application.scss:15
app/views/layouts/application.html.erb:7:in `_app_views_layouts_application_html_erb__3094495261788096181_70180411644160'
Started GET "/photos" for 127.0.0.1 at 2018-04-03 21:00:17 -0400
Processing by PhotosController#index as HTML
  Rendering photos/index.html.erb within layouts/application
  [1m[36mPhoto Load (0.4ms)[0m  [1m[34mSELECT "photos".* FROM "photos"[0m
  Rendered photos/index.html.erb within layouts/application (2.3ms)
Completed 500 Internal Server Error in 18ms (ActiveRecord: 0.4ms)


  
ActionView::Template::Error (couldn't find file 'jquery3' with type 'text/css'
Checked in these paths: 
  /Users/khalidhosein/code/wdi/PROJECTS/PicStar/app/assets/config
  /Users/khalidhosein/code/wdi/PROJECTS/PicStar/app/assets/images
  /Users/khalidhosein/code/wdi/PROJECTS/PicStar/app/assets/javascripts
  /Users/khalidhosein/code/wdi/PROJECTS/PicStar/app/assets/stylesheets
  /Users/khalidhosein/.rbenv/versions/2.5.0/lib/ruby/gems/2.5.0/gems/coffee-rails-4.2.2/lib/assets/javascripts
  /Users/khalidhosein/.rbenv/versions/2.5.0/lib/ruby/gems/2.5.0/gems/jquery-rails-4.3.1/vendor/assets/javascripts
  /Users/khalidhosein/.rbenv/versions/2.5.0/lib/ruby/gems/2.5.0/gems/actioncable-5.1.6/lib/assets/compiled
  /Users/khalidhosein/.rbenv/versions/2.5.0/lib/ruby/gems/2.5.0/gems/actionview-5.1.6/lib/assets/compiled
  /Users/khalidhosein/.rbenv/versions/2.5.0/lib/ruby/gems/2.5.0/gems/turbolinks-source-5.1.0/lib/assets/javascripts
  /Users/khalidhosein/code/wdi/PROJECTS/PicStar/node_modules
  /Users/khalidhosein/.rbenv/versions/2.5.0/lib/ruby/gems/2.5.0/gems/bootstrap-sass-3.3.7/assets/stylesheets
  /Users/khalidhosein/.rbenv/versions/2.5.0/lib/ruby/gems/2.5.0/gems/bootstrap-sass-3.3.7/assets/javascripts
  /Users/khalidhosein/.rbenv/versions/2.5.0/lib/ruby/gems/2.5.0/gems/bootstrap-sass-3.3.7/assets/fonts
  /Users/khalidhosein/.rbenv/versions/2.5.0/lib/ruby/gems/2.5.0/gems/bootstrap-sass-3.3.7/assets/images):
    4:     <title>PicStar</title>
    5:     <%= csrf_meta_tags %>
    6: 
    7:     <%= stylesheet_link_tag    'application', media: 'all', 'data-turbolinks-track': 'reload' %>
    8:     <%= javascript_include_tag 'application', 'data-turbolinks-track': 'reload' %>
    9:   </head>
   10:   <nav class="navbar navbar-default">
  
app/assets/stylesheets/application.scss:15
app/views/layouts/application.html.erb:7:in `_app_views_layouts_application_html_erb__3094495261788096181_70180350986180'
Started GET "/photos" for 127.0.0.1 at 2018-04-03 21:00:25 -0400
Processing by PhotosController#index as HTML
  Rendering photos/index.html.erb within layouts/application
  [1m[36mPhoto Load (0.2ms)[0m  [1m[34mSELECT "photos".* FROM "photos"[0m
  Rendered photos/index.html.erb within layouts/application (2.4ms)
Completed 500 Internal Server Error in 17ms (ActiveRecord: 0.2ms)


  
ActionView::Template::Error (couldn't find file 'jquery3' with type 'text/css'
Checked in these paths: 
  /Users/khalidhosein/code/wdi/PROJECTS/PicStar/app/assets/config
  /Users/khalidhosein/code/wdi/PROJECTS/PicStar/app/assets/images
  /Users/khalidhosein/code/wdi/PROJECTS/PicStar/app/assets/javascripts
  /Users/khalidhosein/code/wdi/PROJECTS/PicStar/app/assets/stylesheets
  /Users/khalidhosein/.rbenv/versions/2.5.0/lib/ruby/gems/2.5.0/gems/coffee-rails-4.2.2/lib/assets/javascripts
  /Users/khalidhosein/.rbenv/versions/2.5.0/lib/ruby/gems/2.5.0/gems/jquery-rails-4.3.1/vendor/assets/javascripts
  /Users/khalidhosein/.rbenv/versions/2.5.0/lib/ruby/gems/2.5.0/gems/actioncable-5.1.6/lib/assets/compiled
  /Users/khalidhosein/.rbenv/versions/2.5.0/lib/ruby/gems/2.5.0/gems/actionview-5.1.6/lib/assets/compiled
  /Users/khalidhosein/.rbenv/versions/2.5.0/lib/ruby/gems/2.5.0/gems/turbolinks-source-5.1.0/lib/assets/javascripts
  /Users/khalidhosein/code/wdi/PROJECTS/PicStar/node_modules
  /Users/khalidhosein/.rbenv/versions/2.5.0/lib/ruby/gems/2.5.0/gems/bootstrap-sass-3.3.7/assets/stylesheets
  /Users/khalidhosein/.rbenv/versions/2.5.0/lib/ruby/gems/2.5.0/gems/bootstrap-sass-3.3.7/assets/javascripts
  /Users/khalidhosein/.rbenv/versions/2.5.0/lib/ruby/gems/2.5.0/gems/bootstrap-sass-3.3.7/assets/fonts
  /Users/khalidhosein/.rbenv/versions/2.5.0/lib/ruby/gems/2.5.0/gems/bootstrap-sass-3.3.7/assets/images):
    4:     <title>PicStar</title>
    5:     <%= csrf_meta_tags %>
    6: 
    7:     <%= stylesheet_link_tag    'application', media: 'all', 'data-turbolinks-track': 'reload' %>
    8:     <%= javascript_include_tag 'application', 'data-turbolinks-track': 'reload' %>
    9:   </head>
   10:   <nav class="navbar navbar-default">
  
app/assets/stylesheets/application.scss:15
app/views/layouts/application.html.erb:7:in `_app_views_layouts_application_html_erb__3094495261788096181_70180364242960'
Started GET "/photos/new" for 127.0.0.1 at 2018-04-03 21:00:28 -0400
Processing by PhotosController#new as HTML
  Rendering photos/new.html.erb within layouts/application
  Rendered photos/new.html.erb within layouts/application (56.6ms)
Completed 500 Internal Server Error in 74ms (ActiveRecord: 0.0ms)


  
ActionView::Template::Error (couldn't find file 'jquery3' with type 'text/css'
Checked in these paths: 
  /Users/khalidhosein/code/wdi/PROJECTS/PicStar/app/assets/config
  /Users/khalidhosein/code/wdi/PROJECTS/PicStar/app/assets/images
  /Users/khalidhosein/code/wdi/PROJECTS/PicStar/app/assets/javascripts
  /Users/khalidhosein/code/wdi/PROJECTS/PicStar/app/assets/stylesheets
  /Users/khalidhosein/.rbenv/versions/2.5.0/lib/ruby/gems/2.5.0/gems/coffee-rails-4.2.2/lib/assets/javascripts
  /Users/khalidhosein/.rbenv/versions/2.5.0/lib/ruby/gems/2.5.0/gems/jquery-rails-4.3.1/vendor/assets/javascripts
  /Users/khalidhosein/.rbenv/versions/2.5.0/lib/ruby/gems/2.5.0/gems/actioncable-5.1.6/lib/assets/compiled
  /Users/khalidhosein/.rbenv/versions/2.5.0/lib/ruby/gems/2.5.0/gems/actionview-5.1.6/lib/assets/compiled
  /Users/khalidhosein/.rbenv/versions/2.5.0/lib/ruby/gems/2.5.0/gems/turbolinks-source-5.1.0/lib/assets/javascripts
  /Users/khalidhosein/code/wdi/PROJECTS/PicStar/node_modules
  /Users/khalidhosein/.rbenv/versions/2.5.0/lib/ruby/gems/2.5.0/gems/bootstrap-sass-3.3.7/assets/stylesheets
  /Users/khalidhosein/.rbenv/versions/2.5.0/lib/ruby/gems/2.5.0/gems/bootstrap-sass-3.3.7/assets/javascripts
  /Users/khalidhosein/.rbenv/versions/2.5.0/lib/ruby/gems/2.5.0/gems/bootstrap-sass-3.3.7/assets/fonts
  /Users/khalidhosein/.rbenv/versions/2.5.0/lib/ruby/gems/2.5.0/gems/bootstrap-sass-3.3.7/assets/images):
    4:     <title>PicStar</title>
    5:     <%= csrf_meta_tags %>
    6: 
    7:     <%= stylesheet_link_tag    'application', media: 'all', 'data-turbolinks-track': 'reload' %>
    8:     <%= javascript_include_tag 'application', 'data-turbolinks-track': 'reload' %>
    9:   </head>
   10:   <nav class="navbar navbar-default">
  
app/assets/stylesheets/application.scss:15
app/views/layouts/application.html.erb:7:in `_app_views_layouts_application_html_erb__3094495261788096181_70180396081680'
Started GET "/photos/new" for 127.0.0.1 at 2018-04-03 21:01:25 -0400
Processing by PhotosController#new as HTML
  Rendering photos/new.html.erb within layouts/application
  Rendered photos/new.html.erb within layouts/application (4.7ms)
Completed 500 Internal Server Error in 23ms (ActiveRecord: 0.0ms)


  
ActionView::Template::Error (couldn't find file 'jquery' with type 'text/css'
Checked in these paths: 
  /Users/khalidhosein/code/wdi/PROJECTS/PicStar/app/assets/config
  /Users/khalidhosein/code/wdi/PROJECTS/PicStar/app/assets/images
  /Users/khalidhosein/code/wdi/PROJECTS/PicStar/app/assets/javascripts
  /Users/khalidhosein/code/wdi/PROJECTS/PicStar/app/assets/stylesheets
  /Users/khalidhosein/.rbenv/versions/2.5.0/lib/ruby/gems/2.5.0/gems/coffee-rails-4.2.2/lib/assets/javascripts
  /Users/khalidhosein/.rbenv/versions/2.5.0/lib/ruby/gems/2.5.0/gems/jquery-rails-4.3.1/vendor/assets/javascripts
  /Users/khalidhosein/.rbenv/versions/2.5.0/lib/ruby/gems/2.5.0/gems/actioncable-5.1.6/lib/assets/compiled
  /Users/khalidhosein/.rbenv/versions/2.5.0/lib/ruby/gems/2.5.0/gems/actionview-5.1.6/lib/assets/compiled
  /Users/khalidhosein/.rbenv/versions/2.5.0/lib/ruby/gems/2.5.0/gems/turbolinks-source-5.1.0/lib/assets/javascripts
  /Users/khalidhosein/code/wdi/PROJECTS/PicStar/node_modules
  /Users/khalidhosein/.rbenv/versions/2.5.0/lib/ruby/gems/2.5.0/gems/bootstrap-sass-3.3.7/assets/stylesheets
  /Users/khalidhosein/.rbenv/versions/2.5.0/lib/ruby/gems/2.5.0/gems/bootstrap-sass-3.3.7/assets/javascripts
  /Users/khalidhosein/.rbenv/versions/2.5.0/lib/ruby/gems/2.5.0/gems/bootstrap-sass-3.3.7/assets/fonts
  /Users/khalidhosein/.rbenv/versions/2.5.0/lib/ruby/gems/2.5.0/gems/bootstrap-sass-3.3.7/assets/images):
    4:     <title>PicStar</title>
    5:     <%= csrf_meta_tags %>
    6: 
    7:     <%= stylesheet_link_tag    'application', media: 'all', 'data-turbolinks-track': 'reload' %>
    8:     <%= javascript_include_tag 'application', 'data-turbolinks-track': 'reload' %>
    9:   </head>
   10:   <nav class="navbar navbar-default">
  
app/assets/stylesheets/application.scss:15
app/views/layouts/application.html.erb:7:in `_app_views_layouts_application_html_erb__3094495261788096181_70180355360940'
Started GET "/photos/new" for 127.0.0.1 at 2018-04-03 21:01:34 -0400
Processing by PhotosController#new as HTML
  Rendering photos/new.html.erb within layouts/application
  Rendered photos/new.html.erb within layouts/application (4.7ms)
Completed 500 Internal Server Error in 19ms (ActiveRecord: 0.0ms)


  
ActionView::Template::Error (couldn't find file 'popper' with type 'text/css'
Checked in these paths: 
  /Users/khalidhosein/code/wdi/PROJECTS/PicStar/app/assets/config
  /Users/khalidhosein/code/wdi/PROJECTS/PicStar/app/assets/images
  /Users/khalidhosein/code/wdi/PROJECTS/PicStar/app/assets/javascripts
  /Users/khalidhosein/code/wdi/PROJECTS/PicStar/app/assets/stylesheets
  /Users/khalidhosein/.rbenv/versions/2.5.0/lib/ruby/gems/2.5.0/gems/coffee-rails-4.2.2/lib/assets/javascripts
  /Users/khalidhosein/.rbenv/versions/2.5.0/lib/ruby/gems/2.5.0/gems/jquery-rails-4.3.1/vendor/assets/javascripts
  /Users/khalidhosein/.rbenv/versions/2.5.0/lib/ruby/gems/2.5.0/gems/actioncable-5.1.6/lib/assets/compiled
  /Users/khalidhosein/.rbenv/versions/2.5.0/lib/ruby/gems/2.5.0/gems/actionview-5.1.6/lib/assets/compiled
  /Users/khalidhosein/.rbenv/versions/2.5.0/lib/ruby/gems/2.5.0/gems/turbolinks-source-5.1.0/lib/assets/javascripts
  /Users/khalidhosein/code/wdi/PROJECTS/PicStar/node_modules
  /Users/khalidhosein/.rbenv/versions/2.5.0/lib/ruby/gems/2.5.0/gems/bootstrap-sass-3.3.7/assets/stylesheets
  /Users/khalidhosein/.rbenv/versions/2.5.0/lib/ruby/gems/2.5.0/gems/bootstrap-sass-3.3.7/assets/javascripts
  /Users/khalidhosein/.rbenv/versions/2.5.0/lib/ruby/gems/2.5.0/gems/bootstrap-sass-3.3.7/assets/fonts
  /Users/khalidhosein/.rbenv/versions/2.5.0/lib/ruby/gems/2.5.0/gems/bootstrap-sass-3.3.7/assets/images):
    4:     <title>PicStar</title>
    5:     <%= csrf_meta_tags %>
    6: 
    7:     <%= stylesheet_link_tag    'application', media: 'all', 'data-turbolinks-track': 'reload' %>
    8:     <%= javascript_include_tag 'application', 'data-turbolinks-track': 'reload' %>
    9:   </head>
   10:   <nav class="navbar navbar-default">
  
app/assets/stylesheets/application.scss:16
app/views/layouts/application.html.erb:7:in `_app_views_layouts_application_html_erb__3094495261788096181_70180397394780'
Started GET "/photos/new" for 127.0.0.1 at 2018-04-03 21:03:31 -0400
Processing by PhotosController#new as HTML
  Rendering photos/new.html.erb within layouts/application
  Rendered photos/new.html.erb within layouts/application (4.9ms)
Completed 500 Internal Server Error in 20ms (ActiveRecord: 0.0ms)


  
ActionView::Template::Error (couldn't find file 'bootstrap' with type 'text/css'
Checked in these paths: 
  /Users/khalidhosein/code/wdi/PROJECTS/PicStar/app/assets/config
  /Users/khalidhosein/code/wdi/PROJECTS/PicStar/app/assets/images
  /Users/khalidhosein/code/wdi/PROJECTS/PicStar/app/assets/javascripts
  /Users/khalidhosein/code/wdi/PROJECTS/PicStar/app/assets/stylesheets
  /Users/khalidhosein/.rbenv/versions/2.5.0/lib/ruby/gems/2.5.0/gems/coffee-rails-4.2.2/lib/assets/javascripts
  /Users/khalidhosein/.rbenv/versions/2.5.0/lib/ruby/gems/2.5.0/gems/jquery-rails-4.3.1/vendor/assets/javascripts
  /Users/khalidhosein/.rbenv/versions/2.5.0/lib/ruby/gems/2.5.0/gems/actioncable-5.1.6/lib/assets/compiled
  /Users/khalidhosein/.rbenv/versions/2.5.0/lib/ruby/gems/2.5.0/gems/actionview-5.1.6/lib/assets/compiled
  /Users/khalidhosein/.rbenv/versions/2.5.0/lib/ruby/gems/2.5.0/gems/turbolinks-source-5.1.0/lib/assets/javascripts
  /Users/khalidhosein/code/wdi/PROJECTS/PicStar/node_modules
  /Users/khalidhosein/.rbenv/versions/2.5.0/lib/ruby/gems/2.5.0/gems/bootstrap-sass-3.3.7/assets/stylesheets
  /Users/khalidhosein/.rbenv/versions/2.5.0/lib/ruby/gems/2.5.0/gems/bootstrap-sass-3.3.7/assets/javascripts
  /Users/khalidhosein/.rbenv/versions/2.5.0/lib/ruby/gems/2.5.0/gems/bootstrap-sass-3.3.7/assets/fonts
  /Users/khalidhosein/.rbenv/versions/2.5.0/lib/ruby/gems/2.5.0/gems/bootstrap-sass-3.3.7/assets/images):
    4:     <title>PicStar</title>
    5:     <%= csrf_meta_tags %>
    6: 
    7:     <%= stylesheet_link_tag    'application', media: 'all', 'data-turbolinks-track': 'reload' %>
    8:     <%= javascript_include_tag 'application', 'data-turbolinks-track': 'reload' %>
    9:   </head>
   10:   <nav class="navbar navbar-default">
  
app/assets/stylesheets/application.scss:15
app/views/layouts/application.html.erb:7:in `_app_views_layouts_application_html_erb__3094495261788096181_70180433138340'
Started GET "/photos/new" for 127.0.0.1 at 2018-04-03 21:03:45 -0400
Processing by PhotosController#new as HTML
  Rendering photos/new.html.erb within layouts/application
  Rendered photos/new.html.erb within layouts/application (4.5ms)
Completed 500 Internal Server Error in 2667ms (ActiveRecord: 0.0ms)


  
ActionView::Template::Error (undefined local variable or method `root_path' for #<#<Class:0x00007fa8473ed1f8>:0x00007fa84f8a0af8>
Did you mean?  photo_path
               font_path):
    16:         <span class="icon-bar"></span>
    17:       </button>
    18:       <div class="navbar-brand">
    19:         <%= link_to "PicStar", root_path %>
    20:       </div>
    21:     </div>
    22:     <div class="collapse navbar-collapse" id="bs-navbar-collapse-1">
  
app/views/layouts/application.html.erb:19:in `_app_views_layouts_application_html_erb__3094495261788096181_70180432825120'
Started GET "/photos/new" for 127.0.0.1 at 2018-04-03 21:05:03 -0400
Processing by PhotosController#new as HTML
  Rendering photos/new.html.erb within layouts/application
  Rendered photos/new.html.erb within layouts/application (7.4ms)
Completed 500 Internal Server Error in 43ms (ActiveRecord: 0.0ms)


  
ActionView::Template::Error (No route matches {:action=>"show", :controller=>"photos"}, missing required keys: [:id]):
    16:         <span class="icon-bar"></span>
    17:       </button>
    18:       <div class="navbar-brand">
    19:         <%= link_to "PicStar", photo_path %>
    20:       </div>
    21:     </div>
    22:     <div class="collapse navbar-collapse" id="bs-navbar-collapse-1">
  
app/views/layouts/application.html.erb:19:in `_app_views_layouts_application_html_erb__3094495261788096181_70180410502720'
Started GET "/photos/new" for 127.0.0.1 at 2018-04-03 21:06:29 -0400
Processing by PhotosController#new as HTML
  Rendering photos/new.html.erb within layouts/application
  Rendered photos/new.html.erb within layouts/application (4.9ms)
Completed 200 OK in 31ms (Views: 27.6ms | ActiveRecord: 0.0ms)


Started GET "/photos/" for 127.0.0.1 at 2018-04-03 21:07:10 -0400
Processing by PhotosController#index as HTML
  Rendering photos/index.html.erb within layouts/application
  [1m[36mPhoto Load (0.4ms)[0m  [1m[34mSELECT "photos".* FROM "photos"[0m
  Rendered photos/index.html.erb within layouts/application (2.7ms)
Completed 200 OK in 29ms (Views: 25.4ms | ActiveRecord: 0.4ms)


Started GET "/photos/" for 127.0.0.1 at 2018-04-03 21:07:13 -0400
Processing by PhotosController#index as HTML
  Rendering photos/index.html.erb within layouts/application
  [1m[36mPhoto Load (0.3ms)[0m  [1m[34mSELECT "photos".* FROM "photos"[0m
  Rendered photos/index.html.erb within layouts/application (3.2ms)
Completed 200 OK in 38ms (Views: 34.5ms | ActiveRecord: 0.3ms)


Started GET "/photos/" for 127.0.0.1 at 2018-04-03 21:07:14 -0400
Processing by PhotosController#index as HTML
  Rendering photos/index.html.erb within layouts/application
  [1m[36mPhoto Load (0.4ms)[0m  [1m[34mSELECT "photos".* FROM "photos"[0m
  Rendered photos/index.html.erb within layouts/application (3.2ms)
Completed 200 OK in 41ms (Views: 37.6ms | ActiveRecord: 0.4ms)


Started GET "/photos/new" for 127.0.0.1 at 2018-04-03 21:07:15 -0400
Processing by PhotosController#new as HTML
  Rendering photos/new.html.erb within layouts/application
  Rendered photos/new.html.erb within layouts/application (8.2ms)
Completed 200 OK in 43ms (Views: 39.7ms | ActiveRecord: 0.0ms)


Started GET "/photos/new" for 127.0.0.1 at 2018-04-03 21:08:40 -0400
Processing by PhotosController#new as HTML
  Rendering photos/new.html.erb within layouts/application
  Rendered photos/new.html.erb within layouts/application (4.2ms)
Completed 200 OK in 32ms (Views: 29.0ms | ActiveRecord: 0.0ms)


Started GET "/photos/new" for 127.0.0.1 at 2018-04-03 21:08:52 -0400
Processing by PhotosController#new as HTML
  Rendering photos/new.html.erb within layouts/application
  Rendered photos/new.html.erb within layouts/application (4.6ms)
Completed 200 OK in 28ms (Views: 26.2ms | ActiveRecord: 0.0ms)


Started GET "/photos/" for 127.0.0.1 at 2018-04-03 21:09:22 -0400
Processing by PhotosController#index as HTML
  Rendering photos/index.html.erb within layouts/application
  [1m[36mPhoto Load (0.3ms)[0m  [1m[34mSELECT "photos".* FROM "photos"[0m
  Rendered photos/index.html.erb within layouts/application (3.0ms)
Completed 200 OK in 30ms (Views: 27.2ms | ActiveRecord: 0.3ms)


Started GET "/photos/1" for 127.0.0.1 at 2018-04-03 21:10:09 -0400
Processing by PhotosController#show as HTML
  Parameters: {"id"=>"1"}
  Rendering photos/show.html.erb within layouts/application
  Rendered photos/show.html.erb within layouts/application (0.3ms)
Completed 200 OK in 37ms (Views: 33.7ms | ActiveRecord: 0.0ms)


Started GET "/photos/" for 127.0.0.1 at 2018-04-03 21:11:02 -0400
Processing by PhotosController#index as HTML
  Rendering photos/index.html.erb within layouts/application
  [1m[36mPhoto Load (0.3ms)[0m  [1m[34mSELECT "photos".* FROM "photos"[0m
  Rendered photos/index.html.erb within layouts/application (2.5ms)
Completed 200 OK in 33ms (Views: 30.2ms | ActiveRecord: 0.3ms)


Started GET "/photos/new" for 127.0.0.1 at 2018-04-03 21:11:28 -0400
Processing by PhotosController#new as HTML
  Rendering photos/new.html.erb within layouts/application
  Rendered photos/new.html.erb within layouts/application (5.7ms)
Completed 200 OK in 39ms (Views: 34.3ms | ActiveRecord: 0.0ms)


Started GET "/photos/" for 127.0.0.1 at 2018-04-03 21:20:25 -0400
Processing by PhotosController#index as HTML
  Rendering photos/index.html.erb within layouts/application
  [1m[36mPhoto Load (0.2ms)[0m  [1m[34mSELECT "photos".* FROM "photos"[0m
  Rendered photos/index.html.erb within layouts/application (9.5ms)
Completed 200 OK in 41ms (Views: 34.7ms | ActiveRecord: 0.2ms)


Started GET "/photos/1" for 127.0.0.1 at 2018-04-03 21:20:28 -0400
Processing by PhotosController#show as HTML
  Parameters: {"id"=>"1"}
  [1m[36mPhoto Load (0.4ms)[0m  [1m[34mSELECT  "photos".* FROM "photos" WHERE "photos"."id" = $1 LIMIT $2[0m  [["id", 1], ["LIMIT", 1]]
  Rendering photos/show.html.erb within layouts/application
  Rendered photos/show.html.erb within layouts/application (0.6ms)
Completed 500 Internal Server Error in 20ms (ActiveRecord: 0.7ms)


  
SyntaxError (/Users/khalidhosein/code/wdi/PROJECTS/PicStar/app/views/photos/show.html.erb:11: syntax error, unexpected keyword_ensure, expecting end-of-input
          ensure
          ^~~~~~):
  
app/views/photos/show.html.erb:11: syntax error, unexpected keyword_ensure, expecting end-of-input
Started GET "/photos/1" for 127.0.0.1 at 2018-04-03 21:20:55 -0400
Processing by PhotosController#show as HTML
  Parameters: {"id"=>"1"}
  [1m[36mPhoto Load (0.2ms)[0m  [1m[34mSELECT  "photos".* FROM "photos" WHERE "photos"."id" = $1 LIMIT $2[0m  [["id", 1], ["LIMIT", 1]]
  Rendering photos/show.html.erb within layouts/application
  Rendered photos/show.html.erb within layouts/application (1.3ms)
Completed 200 OK in 28ms (Views: 24.2ms | ActiveRecord: 0.4ms)


Started GET "/photos/1" for 127.0.0.1 at 2018-04-03 21:20:58 -0400
Processing by PhotosController#show as HTML
  Parameters: {"id"=>"1"}
  [1m[36mPhoto Load (0.3ms)[0m  [1m[34mSELECT  "photos".* FROM "photos" WHERE "photos"."id" = $1 LIMIT $2[0m  [["id", 1], ["LIMIT", 1]]
  Rendering photos/show.html.erb within layouts/application
  Rendered photos/show.html.erb within layouts/application (0.9ms)
Completed 200 OK in 29ms (Views: 25.7ms | ActiveRecord: 0.3ms)


Started GET "/photos/1" for 127.0.0.1 at 2018-04-03 21:21:01 -0400
Processing by PhotosController#show as HTML
  Parameters: {"id"=>"1"}
  [1m[36mPhoto Load (0.4ms)[0m  [1m[34mSELECT  "photos".* FROM "photos" WHERE "photos"."id" = $1 LIMIT $2[0m  [["id", 1], ["LIMIT", 1]]
  Rendering photos/show.html.erb within layouts/application
  Rendered photos/show.html.erb within layouts/application (1.2ms)
Completed 200 OK in 41ms (Views: 37.2ms | ActiveRecord: 0.4ms)


Started GET "/photos/1" for 127.0.0.1 at 2018-04-03 21:21:03 -0400
Processing by PhotosController#show as HTML
  Parameters: {"id"=>"1"}
  [1m[36mPhoto Load (0.4ms)[0m  [1m[34mSELECT  "photos".* FROM "photos" WHERE "photos"."id" = $1 LIMIT $2[0m  [["id", 1], ["LIMIT", 1]]
  Rendering photos/show.html.erb within layouts/application
  Rendered photos/show.html.erb within layouts/application (1.0ms)
Completed 200 OK in 39ms (Views: 33.8ms | ActiveRecord: 0.4ms)


Started GET "/photos/1" for 127.0.0.1 at 2018-04-03 21:21:13 -0400
Processing by PhotosController#show as HTML
  Parameters: {"id"=>"1"}
  [1m[36mPhoto Load (0.3ms)[0m  [1m[34mSELECT  "photos".* FROM "photos" WHERE "photos"."id" = $1 LIMIT $2[0m  [["id", 1], ["LIMIT", 1]]
  Rendering photos/show.html.erb within layouts/application
  Rendered photos/show.html.erb within layouts/application (0.8ms)
Completed 200 OK in 45ms (Views: 41.1ms | ActiveRecord: 0.3ms)


Started GET "/photos" for 127.0.0.1 at 2018-04-03 21:21:15 -0400
Processing by PhotosController#index as HTML
  Rendering photos/index.html.erb within layouts/application
  [1m[36mPhoto Load (0.3ms)[0m  [1m[34mSELECT "photos".* FROM "photos"[0m
  Rendered photos/index.html.erb within layouts/application (2.5ms)
Completed 200 OK in 32ms (Views: 28.8ms | ActiveRecord: 0.3ms)


Started GET "/photos" for 127.0.0.1 at 2018-04-03 21:28:35 -0400
Processing by PhotosController#index as HTML
  Rendering photos/index.html.erb within layouts/application
  [1m[36mPhoto Load (0.2ms)[0m  [1m[34mSELECT "photos".* FROM "photos"[0m
  Rendered photos/index.html.erb within layouts/application (13.9ms)
Completed 200 OK in 44ms (Views: 34.9ms | ActiveRecord: 3.5ms)


Started GET "/photos/1" for 127.0.0.1 at 2018-04-03 21:28:36 -0400
Processing by PhotosController#show as HTML
  Parameters: {"id"=>"1"}
  [1m[36mPhoto Load (0.4ms)[0m  [1m[34mSELECT  "photos".* FROM "photos" WHERE "photos"."id" = $1 LIMIT $2[0m  [["id", 1], ["LIMIT", 1]]
  Rendering photos/show.html.erb within layouts/application
  Rendered photos/show.html.erb within layouts/application (1.0ms)
Completed 200 OK in 33ms (Views: 28.7ms | ActiveRecord: 0.4ms)


Started GET "/photos" for 127.0.0.1 at 2018-04-03 21:28:40 -0400
Processing by PhotosController#index as HTML
  Rendering photos/index.html.erb within layouts/application
  [1m[36mPhoto Load (0.3ms)[0m  [1m[34mSELECT "photos".* FROM "photos"[0m
  Rendered photos/index.html.erb within layouts/application (2.2ms)
Completed 200 OK in 39ms (Views: 35.7ms | ActiveRecord: 0.3ms)


Started GET "/photos" for 127.0.0.1 at 2018-04-03 21:36:44 -0400
Processing by PhotosController#index as HTML
  Rendering photos/index.html.erb within layouts/application
  [1m[36mPhoto Load (0.2ms)[0m  [1m[34mSELECT "photos".* FROM "photos"[0m
  Rendered photos/index.html.erb within layouts/application (9.3ms)
Completed 200 OK in 41ms (Views: 35.1ms | ActiveRecord: 0.2ms)


Started GET "/photos/1" for 127.0.0.1 at 2018-04-03 21:36:47 -0400
Processing by PhotosController#show as HTML
  Parameters: {"id"=>"1"}
  [1m[36mPhoto Load (0.3ms)[0m  [1m[34mSELECT  "photos".* FROM "photos" WHERE "photos"."id" = $1 LIMIT $2[0m  [["id", 1], ["LIMIT", 1]]
  Rendering photos/show.html.erb within layouts/application
  Rendered photos/show.html.erb within layouts/application (1.3ms)
Completed 200 OK in 33ms (Views: 28.7ms | ActiveRecord: 0.3ms)


Started GET "/photos/1/edit" for 127.0.0.1 at 2018-04-03 21:36:49 -0400
Processing by PhotosController#edit as HTML
  Parameters: {"id"=>"1"}
  [1m[36mPhoto Load (0.3ms)[0m  [1m[34mSELECT  "photos".* FROM "photos" WHERE "photos"."id" = $1 LIMIT $2[0m  [["id", 1], ["LIMIT", 1]]
  Rendering photos/edit.html.erb within layouts/application
  Rendered photos/edit.html.erb within layouts/application (7.8ms)
Completed 200 OK in 37ms (Views: 32.9ms | ActiveRecord: 0.3ms)


Started PATCH "/photos/1" for 127.0.0.1 at 2018-04-03 21:37:01 -0400
Processing by PhotosController#update as HTML
  Parameters: {"utf8"=>"✓", "authenticity_token"=>"fB4eFudIwuunWHkCxgjuzxpVryQFgpAOKC+PZgL8G7IXo5pHdI+tqi/5Wgvb7iFMidG36KSgzM/C1uZz2nzyTg==", "photo"=>{"location"=>"Hawaii", "description"=>"Park"}, "commit"=>"Update Photo", "id"=>"1"}
  [1m[36mPhoto Load (0.3ms)[0m  [1m[34mSELECT  "photos".* FROM "photos" WHERE "photos"."id" = $1 LIMIT $2[0m  [["id", 1], ["LIMIT", 1]]
  [1m[35m (0.2ms)[0m  [1m[35mBEGIN[0m
  [1m[35mSQL (0.6ms)[0m  [1m[33mUPDATE "photos" SET "description" = $1, "updated_at" = $2 WHERE "photos"."id" = $3[0m  [["description", "Park"], ["updated_at", "2018-04-04 01:37:01.293410"], ["id", 1]]
  [1m[35m (6.6ms)[0m  [1m[35mCOMMIT[0m
Redirected to http://localhost:3000/photos
Completed 302 Found in 13ms (ActiveRecord: 7.6ms)


Started GET "/photos" for 127.0.0.1 at 2018-04-03 21:37:01 -0400
Processing by PhotosController#index as HTML
  Rendering photos/index.html.erb within layouts/application
  [1m[36mPhoto Load (0.2ms)[0m  [1m[34mSELECT "photos".* FROM "photos"[0m
  Rendered photos/index.html.erb within layouts/application (2.1ms)
Completed 200 OK in 27ms (Views: 24.4ms | ActiveRecord: 0.2ms)


